android/build/outputs/logs/manifest-merger-release-report.txt
-- Merging decision tree log ---
manifest
ADDED from src/main/AndroidManifest.xml:1:1-17:12
INJECTED from src/main/AndroidManifest.xml:1:1-17:12
INJECTED from src/main/AndroidManifest.xml:1:1-17:12
INJECTED from src/main/AndroidManifest.xml:1:1-17:12
INJECTED from src/main/AndroidManifest.xml:1:1-17:12
INJECTED from src/main/AndroidManifest.xml:1:1-17:12
INJECTED from src/main/AndroidManifest.xml:1:1-17:12
	package
		ADDED from src/main/AndroidManifest.xml:4:5-38
		INJECTED from src/main/AndroidManifest.xml
		INJECTED from src/main/AndroidManifest.xml
	android:versionName
		INJECTED from src/main/AndroidManifest.xml
		ADDED from src/main/AndroidManifest.xml:1:1-17:12
		INJECTED from src/main/AndroidManifest.xml
	xmlns:tools
		ADDED from src/main/AndroidManifest.xml:3:5-51
	android:versionCode
		INJECTED from src/main/AndroidManifest.xml
		ADDED from src/main/AndroidManifest.xml:1:1-17:12
		INJECTED from src/main/AndroidManifest.xml
	xmlns:android
		ADDED from src/main/AndroidManifest.xml:2:5-63
application
ADDED from src/main/AndroidManifest.xml:6:5-16:19
meta-data#com.dylanvann.fastimage.OkHttpProgressGlideModule
ADDED from src/main/AndroidManifest.xml:7:9-10:15
	android:value
		ADDED from src/main/AndroidManifest.xml:9:13-40
	android:name
		ADDED from src/main/AndroidManifest.xml:8:13-77
meta-data#com.bumptech.glide.integration.okhttp.OkHttpGlideModule
ADDED from src/main/AndroidManifest.xml:11:9-15:15
	tools:node
		ADDED from src/main/AndroidManifest.xml:13:13-32
	android:value
		ADDED from src/main/AndroidManifest.xml:14:13-40
	android:name
		ADDED from src/main/AndroidManifest.xml:12:13-83
uses-sdk
INJECTED from src/main/AndroidManifest.xml reason: use-sdk injection requested
INJECTED from src/main/AndroidManifest.xml
INJECTED from src/main/AndroidManifest.xml
INJECTED from src/main/AndroidManifest.xml
INJECTED from src/main/AndroidManifest.xml
	android:targetSdkVersion
		INJECTED from src/main/AndroidManifest.xml
		ADDED from src/main/AndroidManifest.xml
		INJECTED from src/main/AndroidManifest.xml
	android:minSdkVersion
		INJECTED from src/main/AndroidManifest.xml
		ADDED from src/main/AndroidManifest.xml
		INJECTED from src/main/AndroidManifest.xml